<?xml version="1.0" encoding="UTF-8"?>
<!-- Generated by org.testng.reporters.JUnitReportReporter -->
<testsuite hostname="D4J0PT2" failures="0" tests="2" name="com.tmb.tests.LoginPageTest" time="2.274" errors="0" timestamp="2023-12-18T21:29:44 IST" skipped="0">
  <testcase classname="com.tmb.tests.LoginPageTest" name="Test2" time="0.391"/>
  <testcase classname="com.tmb.tests.LoginPageTest" name="Test1" time="1.883"/>
</testsuite> <!-- com.tmb.tests.LoginPageTest -->
